mode: set
github.com/fridrock/auth_service/handlers/handlerWithError.go:10.61,11.71 1 0
github.com/fridrock/auth_service/handlers/handlerWithError.go:11.71,13.17 2 0
github.com/fridrock/auth_service/handlers/handlerWithError.go:13.17,16.4 2 0
github.com/fridrock/auth_service/handlers/users/userService.go:30.95,35.2 1 0
github.com/fridrock/auth_service/handlers/users/userService.go:36.103,38.16 2 0
github.com/fridrock/auth_service/handlers/users/userService.go:38.16,40.3 1 0
github.com/fridrock/auth_service/handlers/users/userService.go:41.2,42.16 2 0
github.com/fridrock/auth_service/handlers/users/userService.go:42.16,44.3 1 0
github.com/fridrock/auth_service/handlers/users/userService.go:45.2,47.27 3 0
github.com/fridrock/auth_service/handlers/users/userService.go:49.56,52.16 3 0
github.com/fridrock/auth_service/handlers/users/userService.go:52.16,54.3 1 0
github.com/fridrock/auth_service/handlers/users/userService.go:55.2,56.16 2 0
github.com/fridrock/auth_service/handlers/users/userService.go:56.16,58.3 1 0
github.com/fridrock/auth_service/handlers/users/userService.go:59.2,59.17 1 0
github.com/fridrock/auth_service/handlers/users/userService.go:66.109,69.16 3 0
github.com/fridrock/auth_service/handlers/users/userService.go:69.16,71.3 1 0
github.com/fridrock/auth_service/handlers/users/userService.go:72.2,73.16 2 0
github.com/fridrock/auth_service/handlers/users/userService.go:73.16,75.3 1 0
github.com/fridrock/auth_service/handlers/users/userService.go:76.2,78.16 3 0
github.com/fridrock/auth_service/handlers/users/userService.go:78.16,80.3 1 0
github.com/fridrock/auth_service/handlers/users/userService.go:81.2,82.27 2 0
github.com/fridrock/auth_service/handlers/users/userService.go:84.105,87.16 3 0
github.com/fridrock/auth_service/handlers/users/userService.go:87.16,89.3 1 0
github.com/fridrock/auth_service/handlers/users/userService.go:90.2,91.16 2 0
github.com/fridrock/auth_service/handlers/users/userService.go:91.16,93.3 1 0
github.com/fridrock/auth_service/handlers/users/userService.go:94.2,95.27 2 0
github.com/fridrock/auth_service/handlers/users/userService.go:97.101,99.2 1 0
github.com/fridrock/auth_service/handlers/users/userService.go:100.102,102.2 1 0
github.com/fridrock/auth_service/handlers/users/userService.go:103.103,105.2 1 0
github.com/fridrock/auth_service/db/core/connect.go:14.34,17.16 3 0
github.com/fridrock/auth_service/db/core/connect.go:17.16,19.3 1 0
github.com/fridrock/auth_service/db/core/connect.go:20.2,21.11 2 0
github.com/fridrock/auth_service/db/core/connect.go:24.38,28.2 3 0
github.com/fridrock/auth_service/db/core/connect.go:30.77,31.40 1 0
github.com/fridrock/auth_service/db/core/connect.go:31.40,33.3 1 0
github.com/fridrock/auth_service/db/core/connect.go:34.2,38.35 1 0
github.com/fridrock/auth_service/db/core/connect.go:41.50,43.13 2 0
github.com/fridrock/auth_service/db/core/connect.go:43.13,45.3 1 0
github.com/fridrock/auth_service/db/core/connect.go:46.2,46.15 1 0
github.com/fridrock/auth_service/app.go:27.17,30.2 2 0
github.com/fridrock/auth_service/app.go:32.22,41.2 8 0
github.com/fridrock/auth_service/app.go:42.28,51.2 3 0
github.com/fridrock/auth_service/app.go:52.39,56.2 3 0
github.com/fridrock/auth_service/app.go:58.56,66.2 7 0
github.com/fridrock/auth_service/main.go:3.13,5.2 1 0
github.com/fridrock/auth_service/db/cache/connectRedis.go:10.40,18.55 3 0
github.com/fridrock/auth_service/db/cache/connectRedis.go:18.55,20.3 1 0
github.com/fridrock/auth_service/db/cache/connectRedis.go:21.2,21.12 1 0
github.com/fridrock/auth_service/db/stores/cacheStore.go:16.57,20.2 1 0
github.com/fridrock/auth_service/db/stores/cacheStore.go:21.88,25.2 3 0
github.com/fridrock/auth_service/db/stores/cacheStore.go:26.72,29.25 3 0
github.com/fridrock/auth_service/db/stores/cacheStore.go:29.25,31.3 1 0
github.com/fridrock/auth_service/db/stores/cacheStore.go:32.2,33.16 2 0
github.com/fridrock/auth_service/db/stores/cacheStore.go:33.16,35.3 1 0
github.com/fridrock/auth_service/db/stores/cacheStore.go:36.2,36.27 1 0
github.com/fridrock/auth_service/db/stores/userStore.go:16.46,20.2 1 0
github.com/fridrock/auth_service/db/stores/userStore.go:22.64,23.28 1 0
github.com/fridrock/auth_service/db/stores/userStore.go:23.28,25.3 1 0
github.com/fridrock/auth_service/db/stores/userStore.go:26.2,27.16 2 0
github.com/fridrock/auth_service/db/stores/userStore.go:27.16,30.3 2 0
github.com/fridrock/auth_service/db/stores/userStore.go:31.2,33.16 3 0
github.com/fridrock/auth_service/db/stores/userStore.go:33.16,36.3 2 0
github.com/fridrock/auth_service/db/stores/userStore.go:37.2,37.16 1 0
github.com/fridrock/auth_service/db/stores/userStore.go:40.69,48.16 4 0
github.com/fridrock/auth_service/db/stores/userStore.go:48.16,50.3 1 0
github.com/fridrock/auth_service/db/stores/userStore.go:51.2,51.61 1 0
github.com/fridrock/auth_service/db/stores/userStore.go:51.61,54.3 2 0
github.com/fridrock/auth_service/db/stores/userStore.go:55.2,55.16 1 0
github.com/fridrock/auth_service/db/stores/userStore.go:57.76,59.16 2 0
github.com/fridrock/auth_service/db/stores/userStore.go:59.16,61.3 1 0
github.com/fridrock/auth_service/db/stores/userStore.go:62.2,65.16 4 0
github.com/fridrock/auth_service/db/stores/userStore.go:65.16,67.3 1 0
github.com/fridrock/auth_service/db/stores/userStore.go:68.2,68.12 1 0
github.com/fridrock/auth_service/db/stores/userStore.go:70.77,72.16 2 0
github.com/fridrock/auth_service/db/stores/userStore.go:72.16,74.3 1 0
github.com/fridrock/auth_service/db/stores/userStore.go:75.2,78.16 4 0
github.com/fridrock/auth_service/db/stores/userStore.go:78.16,80.3 1 0
github.com/fridrock/auth_service/db/stores/userStore.go:81.2,81.12 1 0
github.com/fridrock/auth_service/db/stores/userStore.go:83.65,88.16 5 0
github.com/fridrock/auth_service/db/stores/userStore.go:88.16,90.3 1 0
github.com/fridrock/auth_service/db/stores/userStore.go:91.2,91.13 1 0
github.com/fridrock/auth_service/db/stores/userStore.go:91.13,93.3 1 0
github.com/fridrock/auth_service/db/stores/userStore.go:94.2,94.16 1 0
github.com/fridrock/auth_service/db/stores/userStore.go:97.60,103.2 5 0
github.com/fridrock/auth_service/db/stores/userStore.go:104.52,109.16 5 0
github.com/fridrock/auth_service/db/stores/userStore.go:109.16,111.3 1 0
github.com/fridrock/auth_service/db/stores/userStore.go:112.2,112.12 1 0
github.com/fridrock/auth_service/db/stores/userStore.go:115.64,120.16 5 0
github.com/fridrock/auth_service/db/stores/userStore.go:120.16,122.3 1 0
github.com/fridrock/auth_service/db/stores/userStore.go:123.2,123.23 1 0
github.com/fridrock/auth_service/db/stores/userStore.go:126.57,129.16 3 0
github.com/fridrock/auth_service/db/stores/userStore.go:129.16,132.3 2 0
github.com/fridrock/auth_service/db/stores/userStore.go:133.2,133.19 1 0
github.com/fridrock/auth_service/utils/mail/mail.go:12.40,13.40 1 0
github.com/fridrock/auth_service/utils/mail/mail.go:13.40,15.3 1 0
github.com/fridrock/auth_service/utils/mail/mail.go:16.2,17.13 2 0
github.com/fridrock/auth_service/utils/mail/mail.go:17.13,20.3 2 0
github.com/fridrock/auth_service/utils/mail/mail.go:21.2,22.13 2 0
github.com/fridrock/auth_service/utils/mail/mail.go:22.13,25.3 2 0
github.com/fridrock/auth_service/utils/mail/mail.go:26.2,31.16 3 0
github.com/fridrock/auth_service/utils/mail/mail.go:31.16,34.3 2 0
github.com/fridrock/auth_service/utils/mail/mail.go:35.2,35.43 1 0
github.com/fridrock/auth_service/utils/mail/mail.go:37.64,43.2 2 0
github.com/fridrock/auth_service/utils/hashing/passwordHashing.go:5.52,7.16 2 1
github.com/fridrock/auth_service/utils/hashing/passwordHashing.go:7.16,9.3 1 0
github.com/fridrock/auth_service/utils/hashing/passwordHashing.go:10.2,10.26 1 1
github.com/fridrock/auth_service/utils/hashing/passwordHashing.go:12.48,15.2 2 1
